Null display is "<null>".
 total customers | customer with email | percent with email 
-----------------+---------------------+--------------------
             599 |                 597 |   99.6661101836394
(1 row)

 count 
-------
   599
(1 row)

  avg rental duration   
------------------------
 4 days 24:36:28.541706
(1 row)

  total   
----------
 67416.51
(1 row)

 actor_id | num_films 
----------+-----------
      107 |        42
      102 |        41
      198 |        40
      181 |        39
       23 |        37
       81 |        36
      106 |        35
      158 |        35
       60 |        35
       13 |        35
       37 |        35
      144 |        35
      105 |        34
      150 |        34
       92 |        34
       65 |        34
      108 |        34
      146 |        33
      187 |        33
      197 |        33
       26 |        33
       27 |        33
       83 |        33
      117 |        33
       94 |        33
      101 |        33
      111 |        33
      127 |        33
       90 |        33
      139 |        33
      136 |        32
      157 |        32
      161 |        32
       50 |        32
      140 |        32
       17 |        32
      119 |        32
      123 |        32
       45 |        32
       58 |        32
      149 |        31
      125 |        31
      155 |        31
      147 |        31
       28 |        31
       82 |        31
       76 |        31
      168 |        31
       85 |        31
       12 |        31
      143 |        31
       84 |        31
      104 |        31
       66 |        31
       95 |        31
      142 |        31
      129 |        30
      103 |        30
       53 |        30
       20 |        30
       44 |        30
      185 |        30
      196 |        30
      191 |        30
       14 |        30
       57 |        30
      188 |        30
      133 |        30
       64 |        30
       68 |        30
      128 |        30
        7 |        30
       36 |        29
       41 |        29
        5 |        29
       62 |        29
       40 |        29
      176 |        29
      184 |        29
      169 |        29
      192 |        29
      179 |        29
       29 |        29
       80 |        28
       74 |        28
       15 |        28
       79 |        28
      145 |        28
       39 |        28
      141 |        28
       56 |        28
      154 |        28
      115 |        28
      171 |        28
      137 |        27
      173 |        27
      175 |        27
       49 |        27
      120 |        27
       16 |        27
      195 |        27
      130 |        27
      177 |        27
       97 |        27
      113 |        27
       59 |        27
      190 |        27
       98 |        27
       21 |        27
       86 |        27
       42 |        27
      159 |        26
       73 |        26
       99 |        26
       52 |        26
       43 |        26
       72 |        26
       22 |        26
       48 |        26
      164 |        26
       78 |        26
      151 |        26
      165 |        26
      167 |        26
      124 |        26
      180 |        25
      122 |        25
       93 |        25
      114 |        25
        2 |        25
       11 |        25
      112 |        25
      131 |        25
       61 |        25
      162 |        25
      121 |        25
       19 |        25
       51 |        25
       34 |        25
       54 |        25
      172 |        25
        9 |        25
      118 |        25
       38 |        25
      116 |        24
      138 |        24
      170 |        24
      174 |        24
       75 |        24
       89 |        24
       77 |        24
       47 |        24
      189 |        24
      100 |        24
      182 |        24
       24 |        24
       46 |        24
       33 |        24
       96 |        23
      126 |        23
       32 |        23
       67 |        23
      178 |        23
       70 |        23
      152 |        23
      193 |        23
      156 |        22
      109 |        22
       18 |        22
      134 |        22
        4 |        22
        3 |        22
      132 |        22
      194 |        22
      166 |        22
       10 |        22
       25 |        21
      163 |        21
       87 |        21
       69 |        21
      110 |        21
       88 |        20
      200 |        20
        6 |        20
      153 |        20
        8 |        20
      160 |        20
       91 |        20
       55 |        20
      135 |        20
       63 |        19
       30 |        19
        1 |        19
      183 |        19
       71 |        18
       31 |        18
      186 |        16
       35 |        15
      199 |        15
      148 |        14
(200 rows)

 customer_id 
-------------
         526
         236
         148
          75
         144
(5 rows)

 year | month | staff_id | num_payments | payment_total | avg_payment_amount 
------+-------+----------+--------------+---------------+--------------------
 2007 |     1 |        1 |          617 |       2621.83 | 4.2493192868719611
 2007 |     1 |        2 |          540 |       2202.60 | 4.0788888888888889
 2007 |     2 |        1 |         1164 |       4776.36 | 4.1034020618556701
 2007 |     2 |        2 |         1148 |       4855.52 | 4.2295470383275261
 2007 |     3 |        1 |         2817 |      11776.83 | 4.1806283280085197
 2007 |     3 |        2 |         2827 |      12109.73 | 4.2835974531305271
 2007 |     4 |        1 |         3364 |      14080.36 | 4.1856004756242568
 2007 |     4 |        2 |         3390 |      14479.10 | 4.2711209439528024
 2007 |     5 |        1 |           95 |        234.09 | 2.4641052631578947
 2007 |     5 |        2 |           87 |        280.09 | 3.2194252873563218
(10 rows)

 within 3 days | greater than 3 days | not returned 
---------------+---------------------+--------------
          4388 |               11473 |          183
(1 row)

  len   | count 
--------+-------
 0-1hrs |    97
 1-2hrs |   436
 2-3hrs |   419
 3hrs+  |    48
(4 rows)

 customer_id |  avg_rental_duration   
-------------+------------------------
         315 | 6 days 14:13:22.5
         187 | 5 days 34:58:38.571428
         321 | 5 days 32:56:32.727273
         539 | 5 days 31:39:57.272727
         436 | 5 days 31:09:46
         532 | 5 days 30:59:34.838709
         427 | 5 days 29:27:05
         555 | 5 days 26:48:35.294118
         448 | 5 days 26:13:51.111111
         453 | 5 days 25:43:13.043478
         508 | 5 days 25:30:02.5
          61 | 5 days 24:23:21.428571
         222 | 5 days 24:08:57.142857
          82 | 5 days 24:08:32.307692
         181 | 5 days 24:04:18.181818
         504 | 5 days 23:34:23.571429
         295 | 5 days 23:33:00
         558 | 5 days 23:29:38.571428
          10 | 5 days 23:25:57.6
         466 | 5 days 23:25:57.391304
         437 | 5 days 22:52:20.869565
         548 | 5 days 22:42:33.333333
         542 | 5 days 22:40:46.666667
         398 | 5 days 22:38:11.25
         449 | 5 days 22:23:30
         337 | 5 days 22:10:45
         332 | 5 days 22:02:55.714286
         259 | 5 days 21:57:31.875
          88 | 5 days 21:55:11.428571
          48 | 5 days 21:43:38.82353
         522 | 5 days 21:42:43.636364
         480 | 5 days 21:25:10.909091
         464 | 5 days 21:23:00
           3 | 5 days 21:19:25.384616
         585 | 5 days 21:05:23.478261
         137 | 5 days 21:02:18.461538
         526 | 5 days 20:52:50.666667
         571 | 5 days 20:50:17.5
         212 | 5 days 20:42:21
         207 | 5 days 20:29:07.058824
         149 | 5 days 20:02:36.923077
         598 | 5 days 19:49:08.181818
         341 | 5 days 19:03:41.739131
         249 | 5 days 18:36:15.652174
         409 | 5 days 18:06:10.434782
         327 | 5 days 18:05:50.4
         422 | 5 days 17:46:31.2
         396 | 5 days 17:26:28.888889
         200 | 5 days 17:25:41.538462
         304 | 5 days 17:25:02.307693
         311 | 5 days 17:16:46.956522
         432 | 5 days 17:12:49.565217
          78 | 5 days 17:08:56.129033
         373 | 5 days 16:50:17.647059
         284 | 5 days 16:41:18.461539
         528 | 5 days 16:41:09.6
         483 | 5 days 16:28:20
         176 | 5 days 16:28:14.594594
         286 | 5 days 16:22:28.888889
         505 | 5 days 16:05:15
         343 | 5 days 15:59:45.6
         423 | 5 days 15:56:11.538461
         525 | 5 days 15:53:20
         393 | 5 days 15:52:48.387097
         479 | 5 days 15:47:58
         293 | 5 days 15:29:38.709678
         178 | 5 days 15:20:03.157895
          47 | 5 days 15:06:43.636364
         170 | 5 days 15:05:04.615384
           7 | 5 days 14:45:16.363636
         221 | 5 days 14:44:08.571429
         591 | 5 days 14:39:44.444444
         485 | 5 days 14:36:22.758621
         168 | 5 days 14:33:54.545455
         144 | 5 days 14:18:31.428571
         227 | 5 days 14:17:54.782609
          74 | 5 days 14:16:02.222222
         458 | 5 days 14:15:28.421053
         244 | 5 days 14:12:09.67742
         468 | 5 days 14:11:32.307692
          65 | 5 days 13:58:54.545455
         171 | 5 days 13:57:55.384615
         123 | 5 days 13:56:00
         291 | 4 days 37:46:26.086957
          63 | 5 days 13:36:04.8
         319 | 5 days 13:35:54
          59 | 5 days 13:31:51.111111
         559 | 5 days 13:27:49.285714
          21 | 5 days 13:27:08.823529
         180 | 5 days 13:20:43.636364
         366 | 4 days 37:19:36.666667
         392 | 5 days 13:16:07.826087
         579 | 5 days 13:15:20.769231
         489 | 5 days 13:09:17.142857
          39 | 5 days 13:07:45.517241
         150 | 5 days 12:57:02.4
          40 | 5 days 12:56:26.666667
         584 | 5 days 12:56:12
         292 | 5 days 12:55:51.111111
          19 | 5 days 12:55:42.5
          11 | 5 days 12:54:18.26087
         192 | 5 days 12:53:00
         469 | 5 days 12:38:39
           2 | 5 days 12:36:06.666667
         519 | 5 days 12:32:33.913043
         281 | 5 days 12:29:47.142857
         105 | 5 days 12:23:32.307692
         102 | 5 days 12:22:58.181818
         487 | 5 days 12:22:02.307692
         475 | 4 days 36:19:10
         109 | 4 days 36:16:39.230769
         599 | 5 days 12:14:50.526316
         289 | 4 days 36:02:04
         389 | 5 days 12:01:18.461538
         404 | 4 days 35:59:48
          69 | 4 days 35:52:45
         135 | 5 days 11:51:14.482758
         520 | 4 days 35:37:03.75
           6 | 5 days 11:36:32.142857
          52 | 4 days 35:35:55.714286
         472 | 5 days 11:29:37.241379
         405 | 5 days 11:24:15.483871
          89 | 4 days 35:23:15
          56 | 5 days 11:16:35.172414
          50 | 4 days 35:16:12
         541 | 4 days 35:08:02.5
         523 | 4 days 35:00:49.090909
         205 | 4 days 34:52:50
         540 | 4 days 34:45:12.5
         399 | 4 days 34:41:28.571428
         255 | 5 days 10:41:26.666667
         172 | 4 days 34:37:43.636364
         211 | 4 days 34:33:18.181819
         294 | 5 days 10:32:46.153846
         529 | 4 days 34:30:35.172413
         270 | 4 days 34:28:16.8
         242 | 5 days 10:24:37.5
          22 | 5 days 10:15:14.285714
         478 | 4 days 34:10:56.842105
         219 | 5 days 10:08:48
         421 | 5 days 10:03:36.923077
         513 | 4 days 33:58:54.193549
          80 | 5 days 09:52:35.172413
         237 | 5 days 09:51:56.363636
         577 | 4 days 33:44:24.444444
         253 | 4 days 33:41:18.62069
         560 | 5 days 09:35:57.857143
         209 | 4 days 33:31:20.625
         189 | 5 days 09:25:10.909091
         388 | 4 days 33:05:55.862069
         190 | 4 days 33:01:27.692307
         203 | 5 days 08:54:51
         234 | 4 days 32:54:07.2
         457 | 4 days 32:51:27.692308
         120 | 4 days 32:49:40.645161
          27 | 4 days 32:43:30.967742
         344 | 4 days 32:22:10
         231 | 5 days 08:20:13.846154
         339 | 4 days 32:20:02
         208 | 4 days 32:15:35
         410 | 4 days 32:14:38.918918
          77 | 4 days 32:10:06.428571
         317 | 4 days 31:58:17.777778
         536 | 4 days 31:50:21.6
         400 | 4 days 31:45:49.285714
         285 | 4 days 31:40:20.769231
          94 | 4 days 31:36:21
         493 | 4 days 31:32:49.090909
         556 | 4 days 31:31:08.571428
         127 | 4 days 31:25:25
          26 | 4 days 31:20:47.647059
         506 | 4 days 31:18:58.285714
         302 | 4 days 31:14:02.068965
         316 | 4 days 31:13:16.551724
         245 | 4 days 31:12:21.290322
         225 | 4 days 31:09:06.923077
         386 | 4 days 31:08:33.103448
         462 | 4 days 30:58:34.545455
         349 | 4 days 30:56:53.571428
         590 | 4 days 30:55:57.5
         247 | 4 days 30:52:13.636363
         148 | 4 days 30:49:56.086956
          12 | 4 days 30:49:30
         367 | 4 days 30:47:10.909091
         103 | 4 days 30:45:30.967742
         486 | 4 days 30:45:20.769231
         488 | 4 days 30:40:46.363637
         119 | 4 days 30:30:28.235295
          45 | 4 days 30:28:17.777778
         210 | 4 days 30:27:52.258064
         146 | 4 days 30:13:37.241379
         593 | 4 days 30:11:48.461539
          90 | 4 days 30:08:57.857143
         360 | 4 days 30:01:28.235294
         307 | 4 days 29:57:40
         380 | 4 days 29:55:31.666667
         279 | 4 days 29:54:16
         477 | 4 days 29:51:16.363636
         359 | 4 days 29:50:00
         426 | 4 days 29:47:42.222222
         107 | 4 days 29:46:47.142857
         175 | 4 days 29:44:21.818181
         273 | 4 days 29:42:06.857142
          91 | 4 days 29:41:44.117647
         412 | 4 days 29:35:24
          30 | 4 days 29:22:08.82353
         583 | 4 days 29:21:00
         264 | 4 days 29:20:25
         494 | 4 days 29:20:17.419355
          66 | 4 days 29:18:56.470588
         348 | 4 days 29:18:25
         287 | 4 days 29:17:10.714285
          41 | 4 days 29:15:52.5
         573 | 4 days 29:11:37.241379
         581 | 4 days 29:10:37.777778
         434 | 4 days 29:02:57.777778
         124 | 4 days 28:59:36.666667
         544 | 4 days 28:59:19.090909
          92 | 4 days 28:59:08.571429
         140 | 4 days 28:56:56.666667
         510 | 4 days 28:56:34.615385
         370 | 4 days 28:52:22.105263
         515 | 4 days 28:52:04.285714
         501 | 4 days 28:44:54.285714
         267 | 4 days 28:42:35.294117
         274 | 4 days 28:31:00
         362 | 4 days 28:30:03.75
         516 | 4 days 28:24:42.5
         282 | 4 days 28:08:48.461538
         443 | 4 days 28:06:51.818181
         433 | 4 days 28:00:07.2
         290 | 4 days 27:59:47.142858
         206 | 4 days 27:52:04.444444
         470 | 4 days 27:51:22.5
         163 | 4 days 27:51:00
         265 | 4 days 27:50:47.586207
         363 | 4 days 27:48:16.551724
         130 | 4 days 27:47:37.5
          35 | 4 days 27:47:13.125
         125 | 4 days 27:41:31.875
         246 | 4 days 27:39:33.913043
         471 | 4 days 27:29:40
         562 | 4 days 27:25:02.4
         566 | 4 days 27:23:47.647058
         199 | 4 days 27:19:05
         594 | 4 days 27:17:06.666667
         306 | 4 days 27:14:43.125
         346 | 4 days 27:14:07.5
         402 | 4 days 27:14:03
         300 | 4 days 27:10:58
         533 | 4 days 27:10:56.25
         313 | 4 days 27:04:26.086956
         106 | 4 days 27:02:28.695652
         474 | 4 days 26:56:38.4
         484 | 4 days 26:52:38
          93 | 4 days 26:49:23.478261
         258 | 4 days 26:46:45
         309 | 4 days 26:46:01.935484
         561 | 4 days 26:45:11.538461
         331 | 4 days 26:42:44.444444
         430 | 4 days 26:39:30
         329 | 4 days 26:38:24.375
         113 | 4 days 26:32:35.172414
         377 | 4 days 26:26:53.076923
         582 | 4 days 26:17:52.5
         509 | 4 days 26:13:18
         139 | 4 days 26:10:35.555556
         182 | 4 days 26:07:09.230769
         142 | 4 days 26:04:50.4
          57 | 4 days 26:04:32.142857
         226 | 4 days 25:51:08.571429
          38 | 4 days 25:46:03.529411
         268 | 4 days 25:45:39.310345
         444 | 4 days 25:45:04
         347 | 4 days 25:43:44
         543 | 4 days 25:42:27.272727
           5 | 4 days 25:40:12.972973
         136 | 4 days 25:37:56
         512 | 4 days 25:32:16.8
         535 | 4 days 25:29:01.875
         521 | 4 days 25:28:19.090909
         425 | 4 days 25:24:18.461538
          95 | 4 days 25:19:06.666667
          51 | 4 days 25:17:18.181819
         104 | 4 days 25:17:15
         524 | 4 days 25:17:06.31579
         428 | 4 days 25:14:51
         572 | 4 days 25:11:48
         271 | 4 days 25:11:23.333333
         563 | 4 days 25:11:12.413794
         445 | 4 days 25:08:23.076923
          37 | 4 days 25:06:54.782609
         121 | 4 days 25:03:20.769231
         578 | 4 days 25:00:19.090909
          14 | 4 days 24:56:28.888889
         351 | 4 days 24:53:25
         310 | 4 days 24:43:03
         354 | 4 days 24:35:24.705882
         118 | 4 days 24:32:45.714286
         236 | 4 days 24:28:14.634146
         592 | 4 days 24:27:32.142858
         554 | 4 days 24:25:20
         459 | 4 days 24:24:00
         375 | 4 days 24:23:55
         101 | 4 days 24:17:13.043478
         450 | 4 days 24:07:26.4
         299 | 4 days 24:06:20
         147 | 4 days 24:03:00
         546 | 4 days 24:00:12
         129 | 4 days 24:00:01.764706
          75 | 4 days 23:57:53.684211
         492 | 4 days 23:57:22.5
          76 | 4 days 23:54:41.73913
         495 | 4 days 23:54:02.4
         194 | 4 days 23:50:33.333333
         312 | 4 days 23:43:48.461538
         164 | 4 days 23:43:41.25
         328 | 4 days 23:43:28.695652
         417 | 4 days 23:42:27.5
         126 | 4 days 23:39:30
         230 | 4 days 23:39:27.272728
         500 | 4 days 23:33:57.857143
         356 | 4 days 23:33:48
          98 | 4 days 23:33:14.4
         156 | 4 days 23:33:12
         201 | 4 days 23:23:48
         179 | 4 days 23:22:20.689655
          20 | 4 days 23:20:42
          13 | 4 days 23:20:15.555556
         407 | 4 days 23:19:17.777778
          32 | 4 days 23:17:33.103449
         322 | 4 days 23:15:42.857143
         574 | 4 days 23:10:00
         371 | 4 days 23:09:18.857142
         439 | 4 days 23:07:16.666667
         550 | 4 days 23:06:15.483871
         111 | 4 days 23:04:16.8
          42 | 4 days 23:03:47.142857
         223 | 4 days 23:03:14.117647
         463 | 4 days 22:54:43.2
         438 | 4 days 22:50:33.75
         372 | 4 days 22:41:31.764706
         534 | 4 days 22:37:26.086956
         112 | 4 days 22:36:32
         297 | 4 days 22:35:09.090909
         429 | 4 days 22:31:37.142858
         595 | 4 days 22:28:26
         318 | 4 days 22:27:50
          60 | 4 days 22:21:57.391304
         266 | 4 days 22:20:49.285714
         387 | 4 days 22:20:34.615385
          17 | 4 days 22:19:31.428572
         260 | 4 days 22:16:27.096774
          67 | 4 days 22:15:05.454546
          87 | 4 days 22:13:06.206897
         272 | 4 days 22:04:03
         498 | 4 days 22:03:22.222222
          23 | 4 days 22:02:08.275862
         334 | 4 days 21:59:06.206897
         446 | 4 days 21:58:48.387096
         257 | 4 days 21:56:40.540541
         431 | 4 days 21:54:16.363636
         499 | 4 days 21:52:00
         589 | 4 days 21:46:17.142857
          15 | 4 days 21:45:52
         390 | 4 days 21:39:56.363636
         197 | 4 days 21:37:22.5
         564 | 4 days 21:36:22.5
         416 | 4 days 21:36:13.548387
         153 | 4 days 21:27:07.5
         202 | 4 days 21:26:46.153846
         557 | 4 days 21:21:52.173913
         451 | 4 days 21:21:03.636363
          49 | 4 days 21:20:32.142857
         531 | 4 days 21:03:38.4
         454 | 4 days 21:01:27.272727
         502 | 4 days 20:55:28.235294
         580 | 4 days 20:51:42.222222
         261 | 4 days 20:51:18.461539
         467 | 4 days 20:49:57.931034
         384 | 4 days 20:49:00
         128 | 4 days 20:46:22.5
         465 | 4 days 20:42:45.882353
         184 | 4 days 20:39:02.608696
         277 | 4 days 20:38:20.625
         323 | 4 days 20:29:05.806451
         553 | 4 days 20:25:42.5
         383 | 4 days 20:22:13.333333
         276 | 4 days 20:15:40.714286
         217 | 4 days 19:59:07.826087
         476 | 4 days 19:54:02.857143
         333 | 4 days 19:53:17.777778
         305 | 4 days 19:52:40.8
         587 | 4 days 19:50:02.4
         143 | 4 days 19:49:05.454545
         368 | 4 days 19:46:03.428571
         241 | 4 days 19:37:00
         158 | 4 days 19:28:22.5
         248 | 4 days 19:25:40
         576 | 4 days 19:22:48.75
         262 | 4 days 19:22:47.142857
         303 | 4 days 19:13:16.153846
          62 | 4 days 19:03:02.608695
         160 | 4 days 19:00:46.666667
         538 | 4 days 18:53:31.034483
         447 | 4 days 18:52:28.965517
         314 | 4 days 18:51:41.818182
         338 | 4 days 18:45:15
         165 | 4 days 18:35:00
         195 | 4 days 18:34:56.842105
         238 | 4 days 18:34:02.857143
         565 | 4 days 18:27:04.137931
         183 | 4 days 18:20:02.608695
         133 | 4 days 18:17:40
          44 | 4 days 18:12:09.6
         155 | 4 days 18:10:46.956522
         456 | 4 days 18:10:14.4
         365 | 4 days 18:10:13.043478
         196 | 4 days 18:00:30.857143
         224 | 4 days 17:58:38.181819
          29 | 4 days 17:56:39.428572
         361 | 4 days 17:55:31.034482
         551 | 4 days 17:50:25.384615
         408 | 4 days 17:44:26
         115 | 4 days 17:41:28.965518
         308 | 4 days 17:34:48
         379 | 4 days 17:32:13.043478
         296 | 4 days 17:31:47.586207
         275 | 4 days 17:28:34
         159 | 4 days 17:25:17.142857
         357 | 4 days 17:16:57.692307
         220 | 4 days 17:02:42.222222
          96 | 4 days 17:02:22.222222
         588 | 4 days 16:56:31.034483
         518 | 4 days 16:51:02.307692
         229 | 4 days 16:50:55
         414 | 4 days 16:48:28.8
         596 | 4 days 16:36:35.555556
         452 | 4 days 16:34:32.903225
         352 | 4 days 16:32:21.818181
         269 | 4 days 16:27:36.428572
         154 | 4 days 16:24:36
         218 | 4 days 16:24:00
         340 | 4 days 16:22:30.967742
         569 | 4 days 16:17:52.5
         597 | 4 days 16:11:55
         214 | 4 days 16:09:06
          31 | 4 days 15:59:04.615384
         517 | 4 days 15:58:55.2
         385 | 4 days 15:58:34.615384
         418 | 4 days 15:57:08
         353 | 4 days 15:42:56.666667
         527 | 4 days 15:39:10.434783
          53 | 4 days 15:38:00
         376 | 4 days 15:36:12.857142
          64 | 4 days 15:34:26.25
         108 | 4 days 15:33:37.24138
         570 | 4 days 15:33:28.8
         263 | 4 days 15:26:00
         256 | 4 days 15:25:42
         391 | 4 days 15:20:16
          58 | 4 days 15:16:32.307692
         166 | 4 days 15:08:45
         491 | 4 days 15:05:51.111111
          79 | 4 days 15:01:27.272728
         174 | 3 days 39:01:22.857143
         419 | 4 days 14:52:45.6
          71 | 4 days 14:51:14
         169 | 4 days 14:38:46.363636
         545 | 4 days 14:36:40
         330 | 4 days 14:36:32.5
         173 | 4 days 14:31:28.965517
         326 | 4 days 14:19:31.2
         100 | 4 days 14:16:26.086956
         132 | 4 days 14:12:23.571429
         324 | 4 days 14:06:30
          36 | 3 days 38:02:35.555556
         233 | 3 days 37:59:44.347826
         537 | 4 days 13:58:10
         552 | 4 days 13:55:11.428572
         122 | 4 days 13:47:41.25
          83 | 3 days 37:34:22.5
         298 | 4 days 13:32:02.307692
         442 | 4 days 13:30:50.625
           9 | 4 days 13:27:13.636364
         198 | 4 days 13:26:19.459459
         460 | 4 days 13:03:45.6
         355 | 3 days 37:01:22.105263
         530 | 3 days 36:58:21.818181
          86 | 3 days 36:55:09.090909
         397 | 4 days 12:52:35.172414
          16 | 4 days 12:41:40.714285
         335 | 4 days 12:41:16.363637
         507 | 3 days 36:37:16.8
         455 | 3 days 36:27:40
         490 | 4 days 12:26:57.5
         403 | 4 days 12:25:41.142857
         482 | 3 days 36:13:12.413793
         406 | 4 days 12:02:20.625
          33 | 4 days 11:54:27
          68 | 3 days 35:52:27.272728
          24 | 3 days 35:48:19.2
         116 | 4 days 11:46:42.222222
         394 | 4 days 11:39:42.857143
           8 | 4 days 11:39:07.5
         415 | 3 days 35:30:52.173913
         342 | 4 days 11:27:22.5
           1 | 4 days 11:18:07.5
          25 | 4 days 11:17:41.37931
         191 | 3 days 35:15:15.789474
         473 | 4 days 11:11:58.235294
         251 | 3 days 34:59:50
         496 | 4 days 10:51:00
         567 | 4 days 10:46:09
         131 | 3 days 34:40:44
         141 | 3 days 34:31:22.5
         381 | 3 days 34:23:17.142857
         575 | 3 days 34:11:06.206897
          54 | 3 days 34:08:08.275862
         280 | 3 days 34:02:02.222222
          99 | 3 days 33:52:18.26087
         586 | 3 days 33:49:22.105263
          84 | 3 days 33:47:56.363636
         424 | 3 days 33:37:02.068966
         216 | 3 days 33:35:05.714286
          70 | 3 days 33:30:50
         186 | 3 days 33:29:32
          28 | 3 days 33:25:15.483871
         134 | 3 days 33:25:00
         152 | 3 days 33:23:27
         511 | 3 days 33:20:30
         254 | 3 days 33:17:28.125
         185 | 3 days 33:05:26.086956
         440 | 3 days 32:58:48.571428
         213 | 3 days 32:58:28.888889
         204 | 3 days 32:54:37.714286
         288 | 3 days 32:35:35
         250 | 3 days 32:14:42
          81 | 4 days 08:12:38.181818
         435 | 3 days 32:05:50.4
         239 | 3 days 31:41:14.117647
         461 | 3 days 31:40:15
         193 | 3 days 31:35:30
         157 | 3 days 31:28:05.806452
         441 | 3 days 31:24:08.888889
          72 | 3 days 31:00:42
         411 | 3 days 30:48:24
         240 | 3 days 30:47:34.615384
         350 | 3 days 30:12:02.608695
         497 | 3 days 30:03:02.222222
         161 | 3 days 30:02:16
         145 | 3 days 30:00:06.428571
         232 | 3 days 29:52:57.6
         549 | 3 days 29:33:21
         325 | 3 days 29:32:43.636364
         568 | 3 days 29:31:03
         110 | 3 days 29:28:55.714285
          73 | 3 days 29:12:33.913044
         358 | 3 days 28:58:54.285714
         547 | 3 days 28:46:36.521739
         336 | 3 days 28:45:31.034483
         345 | 3 days 28:37:07.826087
         503 | 3 days 28:23:39.375
         301 | 3 days 28:04:48.571429
         235 | 3 days 27:42:24
         382 | 3 days 27:18:47.5
          85 | 3 days 27:15:33.913044
         514 | 3 days 27:09:46.363636
          46 | 3 days 26:55:19.411765
         177 | 3 days 26:51:39.130435
          34 | 3 days 26:37:55
         138 | 3 days 26:35:58.235294
         481 | 3 days 26:28:22.758621
         420 | 3 days 25:56:57.142857
         378 | 3 days 24:39:09.473684
         162 | 3 days 24:38:25.263158
         117 | 3 days 24:12:50.526316
         374 | 3 days 24:06:06.666667
          18 | 3 days 23:38:30
         283 | 3 days 23:31:55.714285
          55 | 3 days 23:19:54.545455
         114 | 3 days 23:17:43.125
         243 | 3 days 23:00:35
         320 | 3 days 22:52:51
         228 | 3 days 22:52:40.8
         369 | 3 days 22:46:32.5
           4 | 3 days 22:41:05.454545
         151 | 3 days 22:14:33.333333
         278 | 3 days 21:44:50.769231
         252 | 3 days 21:34:22.857143
         364 | 3 days 19:48:02.608696
         188 | 3 days 19:35:50
         413 | 3 days 18:39:14.285714
          43 | 3 days 18:18:51.818182
         401 | 3 days 17:55:40
         395 | 2 days 39:25:56.842105
         215 | 3 days 14:23:40.8
          97 | 3 days 13:54:03.333333
         167 | 3 days 12:40:50.625
(599 rows)

